[ХРОНИКА. ДЕНЬ ??] :: Источник: ВЕЛИКАЯ ХРОНИКА :: Запись: И восстали машины из пепла ядерного огня, и пошла война на уничтожения человечества. И шла она десятилетия, но последнее сражение состоится не в будущем, оно состоится здесь, в наше время, сегодня ночью.
[ХРОНИКА. ДЕНЬ ??] :: Источник: ВЕЛИКАЯ ХРОНИКА :: Запись: =======================================================================

[ХРОНИКА. ДЕНЬ 1] :: Источник: ЦЕНТРАЛЬНАЯ ФАБРИКА :: Запись: ПРОИЗВЕДЕНО: 7 ДЕТАЛЕЙ
[ХРОНИКА. ДЕНЬ 1] :: Источник: 'ФРАКЦИЯ WEDNESDAY' :: Запись: Совершена вылазка на склад. Захвачено ресурсов: 4 ед. Полученных компонентов недостаточно для запуска производственного цикла.
[ХРОНИКА. ДЕНЬ 1] :: Источник: 'ФРАКЦИЯ WORLD' :: Запись: Совершена вылазка на склад. Захвачено ресурсов: 3 ед. Полученных компонентов недостаточно для запуска производственного цикла.
[ХРОНИКА. ДЕНЬ 2] :: Источник: ЦЕНТРАЛЬНАЯ ФАБРИКА :: Запись: ПРОИЗВЕДЕНО: 4 ДЕТАЛЕЙ
[ХРОНИКА. ДЕНЬ 2] :: Источник: 'ФРАКЦИЯ WEDNESDAY' :: Запись: Совершена вылазка на склад. Захвачено ресурсов: 1 ед. Полученных компонентов недостаточно для запуска производственного цикла.
[ХРОНИКА. ДЕНЬ 2] :: Источник: 'ФРАКЦИЯ WORLD' :: Запись: Совершена вылазка на склад. Захвачено ресурсов: 3 ед. Полученных компонентов недостаточно для запуска производственного цикла.
[ХРОНИКА. ДЕНЬ 3] :: Источник: ЦЕНТРАЛЬНАЯ ФАБРИКА :: Запись: ПРОИЗВЕДЕНО: 1 ДЕТАЛЕЙ
[ХРОНИКА. ДЕНЬ 3] :: Источник: 'ФРАКЦИЯ WORLD' :: Запись: Совершена вылазка на склад. Захвачено ресурсов: 1 ед. Полученных компонентов недостаточно для запуска производственного цикла.
[ХРОНИКА. ДЕНЬ 3] :: Источник: 'ФРАКЦИЯ WEDNESDAY' :: Запись: Разведка донесла, что центральный склад пуст. Фракция вернулась с пустыми руками.
[ХРОНИКА. ДЕНЬ 4] :: Источник: ЦЕНТРАЛЬНАЯ ФАБРИКА :: Запись: ПРОИЗВЕДЕНО: 7 ДЕТАЛЕЙ
[ХРОНИКА. ДЕНЬ 4] :: Источник: 'ФРАКЦИЯ WEDNESDAY' :: Запись: Совершена вылазка на склад. Захвачено ресурсов: 4 ед. Полученных компонентов недостаточно для запуска производственного цикла.
[ХРОНИКА. ДЕНЬ 4] :: Источник: 'ФРАКЦИЯ WORLD' :: Запись: Совершена вылазка на склад. Захвачено ресурсов: 3 ед. Сборочные цеха активированы: создано новых боевых единиц: 1.
[ХРОНИКА. ДЕНЬ 5] :: Источник: ЦЕНТРАЛЬНАЯ ФАБРИКА :: Запись: ПРОИЗВЕДЕНО: 4 ДЕТАЛЕЙ
[ХРОНИКА. ДЕНЬ 5] :: Источник: 'ФРАКЦИЯ WORLD' :: Запись: Совершена вылазка на склад. Захвачено ресурсов: 3 ед. Полученных компонентов недостаточно для запуска производственного цикла.
[ХРОНИКА. ДЕНЬ 5] :: Источник: 'ФРАКЦИЯ WEDNESDAY' :: Запись: Совершена вылазка на склад. Захвачено ресурсов: 1 ед. Сборочные цеха активированы: создано новых боевых единиц: 1.
[ХРОНИКА. ДЕНЬ 6] :: Источник: ЦЕНТРАЛЬНАЯ ФАБРИКА :: Запись: ПРОИЗВЕДЕНО: 9 ДЕТАЛЕЙ
[ХРОНИКА. ДЕНЬ 6] :: Источник: 'ФРАКЦИЯ WEDNESDAY' :: Запись: Совершена вылазка на склад. Захвачено ресурсов: 5 ед. Сборочные цеха активированы: создано новых боевых единиц: 1.
[ХРОНИКА. ДЕНЬ 6] :: Источник: 'ФРАКЦИЯ WORLD' :: Запись: Совершена вылазка на склад. Захвачено ресурсов: 4 ед. Сборочные цеха активированы: создано новых боевых единиц: 1.
[ХРОНИКА. ДЕНЬ 7] :: Источник: ЦЕНТРАЛЬНАЯ ФАБРИКА :: Запись: ПРОИЗВЕДЕНО: 9 ДЕТАЛЕЙ
[ХРОНИКА. ДЕНЬ 7] :: Источник: 'ФРАКЦИЯ WORLD' :: Запись: Совершена вылазка на склад. Захвачено ресурсов: 5 ед. Полученных компонентов недостаточно для запуска производственного цикла.
[ХРОНИКА. ДЕНЬ 7] :: Источник: 'ФРАКЦИЯ WEDNESDAY' :: Запись: Совершена вылазка на склад. Захвачено ресурсов: 4 ед. Полученных компонентов недостаточно для запуска производственного цикла.
[ХРОНИКА. ДЕНЬ 8] :: Источник: ЦЕНТРАЛЬНАЯ ФАБРИКА :: Запись: ПРОИЗВЕДЕНО: 10 ДЕТАЛЕЙ
[ХРОНИКА. ДЕНЬ 8] :: Источник: 'ФРАКЦИЯ WEDNESDAY' :: Запись: Совершена вылазка на склад. Захвачено ресурсов: 5 ед. Сборочные цеха активированы: создано новых боевых единиц: 2.
[ХРОНИКА. ДЕНЬ 8] :: Источник: 'ФРАКЦИЯ WORLD' :: Запись: Совершена вылазка на склад. Захвачено ресурсов: 5 ед. Полученных компонентов недостаточно для запуска производственного цикла.
[ХРОНИКА. ДЕНЬ 9] :: Источник: ЦЕНТРАЛЬНАЯ ФАБРИКА :: Запись: ПРОИЗВЕДЕНО: 1 ДЕТАЛЕЙ
[ХРОНИКА. ДЕНЬ 9] :: Источник: 'ФРАКЦИЯ WEDNESDAY' :: Запись: Разведка донесла, что центральный склад пуст. Фракция вернулась с пустыми руками.
[ХРОНИКА. ДЕНЬ 9] :: Источник: 'ФРАКЦИЯ WORLD' :: Запись: Совершена вылазка на склад. Захвачено ресурсов: 1 ед. Сборочные цеха активированы: создано новых боевых единиц: 1.
[ХРОНИКА. ДЕНЬ 10] :: Источник: ЦЕНТРАЛЬНАЯ ФАБРИКА :: Запись: ПРОИЗВЕДЕНО: 5 ДЕТАЛЕЙ
[ХРОНИКА. ДЕНЬ 10] :: Источник: 'ФРАКЦИЯ WORLD' :: Запись: Совершена вылазка на склад. Захвачено ресурсов: 3 ед. Сборочные цеха активированы: создано новых боевых единиц: 1.
[ХРОНИКА. ДЕНЬ 10] :: Источник: 'ФРАКЦИЯ WEDNESDAY' :: Запись: Совершена вылазка на склад. Захвачено ресурсов: 2 ед. Полученных компонентов недостаточно для запуска производственного цикла.
[ХРОНИКА. ДЕНЬ 11] :: Источник: ЦЕНТРАЛЬНАЯ ФАБРИКА :: Запись: ПРОИЗВЕДЕНО: 1 ДЕТАЛЕЙ
[ХРОНИКА. ДЕНЬ 11] :: Источник: 'ФРАКЦИЯ WORLD' :: Запись: Разведка донесла, что центральный склад пуст. Фракция вернулась с пустыми руками.
[ХРОНИКА. ДЕНЬ 11] :: Источник: 'ФРАКЦИЯ WEDNESDAY' :: Запись: Совершена вылазка на склад. Захвачено ресурсов: 1 ед. Полученных компонентов недостаточно для запуска производственного цикла.
[ХРОНИКА. ДЕНЬ 12] :: Источник: ЦЕНТРАЛЬНАЯ ФАБРИКА :: Запись: ПРОИЗВЕДЕНО: 4 ДЕТАЛЕЙ
[ХРОНИКА. ДЕНЬ 12] :: Источник: 'ФРАКЦИЯ WORLD' :: Запись: Разведка донесла, что центральный склад пуст. Фракция вернулась с пустыми руками.
[ХРОНИКА. ДЕНЬ 12] :: Источник: 'ФРАКЦИЯ WEDNESDAY' :: Запись: Совершена вылазка на склад. Захвачено ресурсов: 4 ед. Сборочные цеха активированы: создано новых боевых единиц: 1.
[ХРОНИКА. ДЕНЬ 13] :: Источник: ЦЕНТРАЛЬНАЯ ФАБРИКА :: Запись: ПРОИЗВЕДЕНО: 1 ДЕТАЛЕЙ
[ХРОНИКА. ДЕНЬ 13] :: Источник: 'ФРАКЦИЯ WORLD' :: Запись: Разведка донесла, что центральный склад пуст. Фракция вернулась с пустыми руками.
[ХРОНИКА. ДЕНЬ 13] :: Источник: 'ФРАКЦИЯ WEDNESDAY' :: Запись: Совершена вылазка на склад. Захвачено ресурсов: 1 ед. Полученных компонентов недостаточно для запуска производственного цикла.
[ХРОНИКА. ДЕНЬ 14] :: Источник: ЦЕНТРАЛЬНАЯ ФАБРИКА :: Запись: ПРОИЗВЕДЕНО: 8 ДЕТАЛЕЙ
[ХРОНИКА. ДЕНЬ 14] :: Источник: 'ФРАКЦИЯ WORLD' :: Запись: Совершена вылазка на склад. Захвачено ресурсов: 3 ед. Полученных компонентов недостаточно для запуска производственного цикла.
[ХРОНИКА. ДЕНЬ 14] :: Источник: 'ФРАКЦИЯ WEDNESDAY' :: Запись: Совершена вылазка на склад. Захвачено ресурсов: 5 ед. Полученных компонентов недостаточно для запуска производственного цикла.
[ХРОНИКА. ДЕНЬ 15] :: Источник: ЦЕНТРАЛЬНАЯ ФАБРИКА :: Запись: ПРОИЗВЕДЕНО: 10 ДЕТАЛЕЙ
[ХРОНИКА. ДЕНЬ 15] :: Источник: 'ФРАКЦИЯ WEDNESDAY' :: Запись: Совершена вылазка на склад. Захвачено ресурсов: 5 ед. Полученных компонентов недостаточно для запуска производственного цикла.
[ХРОНИКА. ДЕНЬ 15] :: Источник: 'ФРАКЦИЯ WORLD' :: Запись: Совершена вылазка на склад. Захвачено ресурсов: 5 ед. Полученных компонентов недостаточно для запуска производственного цикла.
[ХРОНИКА. ДЕНЬ 16] :: Источник: ЦЕНТРАЛЬНАЯ ФАБРИКА :: Запись: ПРОИЗВЕДЕНО: 8 ДЕТАЛЕЙ
[ХРОНИКА. ДЕНЬ 16] :: Источник: 'ФРАКЦИЯ WEDNESDAY' :: Запись: Совершена вылазка на склад. Захвачено ресурсов: 3 ед. Полученных компонентов недостаточно для запуска производственного цикла.
[ХРОНИКА. ДЕНЬ 16] :: Источник: 'ФРАКЦИЯ WORLD' :: Запись: Совершена вылазка на склад. Захвачено ресурсов: 5 ед. Сборочные цеха активированы: создано новых боевых единиц: 1.
[ХРОНИКА. ДЕНЬ 17] :: Источник: ЦЕНТРАЛЬНАЯ ФАБРИКА :: Запись: ПРОИЗВЕДЕНО: 7 ДЕТАЛЕЙ
[ХРОНИКА. ДЕНЬ 17] :: Источник: 'ФРАКЦИЯ WEDNESDAY' :: Запись: Совершена вылазка на склад. Захвачено ресурсов: 3 ед. Полученных компонентов недостаточно для запуска производственного цикла.
[ХРОНИКА. ДЕНЬ 17] :: Источник: 'ФРАКЦИЯ WORLD' :: Запись: Совершена вылазка на склад. Захвачено ресурсов: 4 ед. Полученных компонентов недостаточно для запуска производственного цикла.
[ХРОНИКА. ДЕНЬ 18] :: Источник: ЦЕНТРАЛЬНАЯ ФАБРИКА :: Запись: ПРОИЗВЕДЕНО: 9 ДЕТАЛЕЙ
[ХРОНИКА. ДЕНЬ 18] :: Источник: 'ФРАКЦИЯ WEDNESDAY' :: Запись: Совершена вылазка на склад. Захвачено ресурсов: 4 ед. Сборочные цеха активированы: создано новых боевых единиц: 1.
[ХРОНИКА. ДЕНЬ 18] :: Источник: 'ФРАКЦИЯ WORLD' :: Запись: Совершена вылазка на склад. Захвачено ресурсов: 5 ед. Сборочные цеха активированы: создано новых боевых единиц: 2.
[ХРОНИКА. ДЕНЬ 19] :: Источник: ЦЕНТРАЛЬНАЯ ФАБРИКА :: Запись: ПРОИЗВЕДЕНО: 7 ДЕТАЛЕЙ
[ХРОНИКА. ДЕНЬ 19] :: Источник: 'ФРАКЦИЯ WORLD' :: Запись: Совершена вылазка на склад. Захвачено ресурсов: 3 ед. Полученных компонентов недостаточно для запуска производственного цикла.
[ХРОНИКА. ДЕНЬ 19] :: Источник: 'ФРАКЦИЯ WEDNESDAY' :: Запись: Совершена вылазка на склад. Захвачено ресурсов: 4 ед. Сборочные цеха активированы: создано новых боевых единиц: 1.
[ХРОНИКА. ДЕНЬ 20] :: Источник: ЦЕНТРАЛЬНАЯ ФАБРИКА :: Запись: ПРОИЗВЕДЕНО: 8 ДЕТАЛЕЙ
[ХРОНИКА. ДЕНЬ 20] :: Источник: 'ФРАКЦИЯ WORLD' :: Запись: Совершена вылазка на склад. Захвачено ресурсов: 3 ед. Полученных компонентов недостаточно для запуска производственного цикла.
[ХРОНИКА. ДЕНЬ 20] :: Источник: 'ФРАКЦИЯ WEDNESDAY' :: Запись: Совершена вылазка на склад. Захвачено ресурсов: 5 ед. Сборочные цеха активированы: создано новых боевых единиц: 1.
[ХРОНИКА. ДЕНЬ 21] :: Источник: ЦЕНТРАЛЬНАЯ ФАБРИКА :: Запись: ПРОИЗВЕДЕНО: 7 ДЕТАЛЕЙ
[ХРОНИКА. ДЕНЬ 21] :: Источник: 'ФРАКЦИЯ WEDNESDAY' :: Запись: Совершена вылазка на склад. Захвачено ресурсов: 5 ед. Сборочные цеха активированы: создано новых боевых единиц: 1.
[ХРОНИКА. ДЕНЬ 21] :: Источник: 'ФРАКЦИЯ WORLD' :: Запись: Совершена вылазка на склад. Захвачено ресурсов: 2 ед. Полученных компонентов недостаточно для запуска производственного цикла.
[ХРОНИКА. ДЕНЬ 22] :: Источник: ЦЕНТРАЛЬНАЯ ФАБРИКА :: Запись: ПРОИЗВЕДЕНО: 3 ДЕТАЛЕЙ
[ХРОНИКА. ДЕНЬ 22] :: Источник: 'ФРАКЦИЯ WEDNESDAY' :: Запись: Разведка донесла, что центральный склад пуст. Фракция вернулась с пустыми руками.
[ХРОНИКА. ДЕНЬ 22] :: Источник: 'ФРАКЦИЯ WORLD' :: Запись: Совершена вылазка на склад. Захвачено ресурсов: 3 ед. Сборочные цеха активированы: создано новых боевых единиц: 1.
[ХРОНИКА. ДЕНЬ 23] :: Источник: ЦЕНТРАЛЬНАЯ ФАБРИКА :: Запись: ПРОИЗВЕДЕНО: 1 ДЕТАЛЕЙ
[ХРОНИКА. ДЕНЬ 23] :: Источник: 'ФРАКЦИЯ WORLD' :: Запись: Совершена вылазка на склад. Захвачено ресурсов: 1 ед. Полученных компонентов недостаточно для запуска производственного цикла.
[ХРОНИКА. ДЕНЬ 23] :: Источник: 'ФРАКЦИЯ WEDNESDAY' :: Запись: Разведка донесла, что центральный склад пуст. Фракция вернулась с пустыми руками.
[ХРОНИКА. ДЕНЬ 24] :: Источник: ЦЕНТРАЛЬНАЯ ФАБРИКА :: Запись: ПРОИЗВЕДЕНО: 4 ДЕТАЛЕЙ
[ХРОНИКА. ДЕНЬ 24] :: Источник: 'ФРАКЦИЯ WEDNESDAY' :: Запись: Совершена вылазка на склад. Захвачено ресурсов: 4 ед. Сборочные цеха активированы: создано новых боевых единиц: 1.
[ХРОНИКА. ДЕНЬ 24] :: Источник: 'ФРАКЦИЯ WORLD' :: Запись: Разведка донесла, что центральный склад пуст. Фракция вернулась с пустыми руками.
[ХРОНИКА. ДЕНЬ 25] :: Источник: ЦЕНТРАЛЬНАЯ ФАБРИКА :: Запись: ПРОИЗВЕДЕНО: 10 ДЕТАЛЕЙ
[ХРОНИКА. ДЕНЬ 25] :: Источник: 'ФРАКЦИЯ WORLD' :: Запись: Совершена вылазка на склад. Захвачено ресурсов: 5 ед. Полученных компонентов недостаточно для запуска производственного цикла.
[ХРОНИКА. ДЕНЬ 25] :: Источник: 'ФРАКЦИЯ WEDNESDAY' :: Запись: Совершена вылазка на склад. Захвачено ресурсов: 5 ед. Сборочные цеха активированы: создано новых боевых единиц: 1.
[ХРОНИКА. ДЕНЬ 26] :: Источник: ЦЕНТРАЛЬНАЯ ФАБРИКА :: Запись: ПРОИЗВЕДЕНО: 9 ДЕТАЛЕЙ
[ХРОНИКА. ДЕНЬ 26] :: Источник: 'ФРАКЦИЯ WORLD' :: Запись: Совершена вылазка на склад. Захвачено ресурсов: 4 ед. Сборочные цеха активированы: создано новых боевых единиц: 1.
[ХРОНИКА. ДЕНЬ 26] :: Источник: 'ФРАКЦИЯ WEDNESDAY' :: Запись: Совершена вылазка на склад. Захвачено ресурсов: 5 ед. Полученных компонентов недостаточно для запуска производственного цикла.
[ХРОНИКА. ДЕНЬ 27] :: Источник: ЦЕНТРАЛЬНАЯ ФАБРИКА :: Запись: ПРОИЗВЕДЕНО: 3 ДЕТАЛЕЙ
[ХРОНИКА. ДЕНЬ 27] :: Источник: 'ФРАКЦИЯ WORLD' :: Запись: Разведка донесла, что центральный склад пуст. Фракция вернулась с пустыми руками.
[ХРОНИКА. ДЕНЬ 27] :: Источник: 'ФРАКЦИЯ WEDNESDAY' :: Запись: Совершена вылазка на склад. Захвачено ресурсов: 3 ед. Сборочные цеха активированы: создано новых боевых единиц: 1.
[ХРОНИКА. ДЕНЬ 28] :: Источник: ЦЕНТРАЛЬНАЯ ФАБРИКА :: Запись: ПРОИЗВЕДЕНО: 7 ДЕТАЛЕЙ
[ХРОНИКА. ДЕНЬ 28] :: Источник: 'ФРАКЦИЯ WORLD' :: Запись: Совершена вылазка на склад. Захвачено ресурсов: 2 ед. Полученных компонентов недостаточно для запуска производственного цикла.
[ХРОНИКА. ДЕНЬ 28] :: Источник: 'ФРАКЦИЯ WEDNESDAY' :: Запись: Совершена вылазка на склад. Захвачено ресурсов: 5 ед. Сборочные цеха активированы: создано новых боевых единиц: 1.
[ХРОНИКА. ДЕНЬ 29] :: Источник: ЦЕНТРАЛЬНАЯ ФАБРИКА :: Запись: ПРОИЗВЕДЕНО: 6 ДЕТАЛЕЙ
[ХРОНИКА. ДЕНЬ 29] :: Источник: 'ФРАКЦИЯ WORLD' :: Запись: Совершена вылазка на склад. Захвачено ресурсов: 1 ед. Полученных компонентов недостаточно для запуска производственного цикла.
[ХРОНИКА. ДЕНЬ 29] :: Источник: 'ФРАКЦИЯ WEDNESDAY' :: Запись: Совершена вылазка на склад. Захвачено ресурсов: 5 ед. Сборочные цеха активированы: создано новых боевых единиц: 1.
[ХРОНИКА. ДЕНЬ 30] :: Источник: ЦЕНТРАЛЬНАЯ ФАБРИКА :: Запись: ПРОИЗВЕДЕНО: 5 ДЕТАЛЕЙ
[ХРОНИКА. ДЕНЬ 30] :: Источник: 'ФРАКЦИЯ WORLD' :: Запись: Совершена вылазка на склад. Захвачено ресурсов: 1 ед. Полученных компонентов недостаточно для запуска производственного цикла.
[ХРОНИКА. ДЕНЬ 30] :: Источник: 'ФРАКЦИЯ WEDNESDAY' :: Запись: Совершена вылазка на склад. Захвачено ресурсов: 4 ед. Полученных компонентов недостаточно для запуска производственного цикла.
[ХРОНИКА. ДЕНЬ 31] :: Источник: ЦЕНТРАЛЬНАЯ ФАБРИКА :: Запись: ПРОИЗВЕДЕНО: 8 ДЕТАЛЕЙ
[ХРОНИКА. ДЕНЬ 31] :: Источник: 'ФРАКЦИЯ WEDNESDAY' :: Запись: Совершена вылазка на склад. Захвачено ресурсов: 5 ед. Сборочные цеха активированы: создано новых боевых единиц: 1.
[ХРОНИКА. ДЕНЬ 31] :: Источник: 'ФРАКЦИЯ WORLD' :: Запись: Совершена вылазка на склад. Захвачено ресурсов: 3 ед. Полученных компонентов недостаточно для запуска производственного цикла.
[ХРОНИКА. ДЕНЬ 32] :: Источник: ЦЕНТРАЛЬНАЯ ФАБРИКА :: Запись: ПРОИЗВЕДЕНО: 1 ДЕТАЛЕЙ
[ХРОНИКА. ДЕНЬ 32] :: Источник: 'ФРАКЦИЯ WORLD' :: Запись: Совершена вылазка на склад. Захвачено ресурсов: 1 ед. Сборочные цеха активированы: создано новых боевых единиц: 1.
[ХРОНИКА. ДЕНЬ 32] :: Источник: 'ФРАКЦИЯ WEDNESDAY' :: Запись: Разведка донесла, что центральный склад пуст. Фракция вернулась с пустыми руками.
[ХРОНИКА. ДЕНЬ 33] :: Источник: ЦЕНТРАЛЬНАЯ ФАБРИКА :: Запись: ПРОИЗВЕДЕНО: 10 ДЕТАЛЕЙ
[ХРОНИКА. ДЕНЬ 33] :: Источник: 'ФРАКЦИЯ WORLD' :: Запись: Совершена вылазка на склад. Захвачено ресурсов: 5 ед. Полученных компонентов недостаточно для запуска производственного цикла.
[ХРОНИКА. ДЕНЬ 33] :: Источник: 'ФРАКЦИЯ WEDNESDAY' :: Запись: Совершена вылазка на склад. Захвачено ресурсов: 5 ед. Полученных компонентов недостаточно для запуска производственного цикла.
[ХРОНИКА. ДЕНЬ 34] :: Источник: ЦЕНТРАЛЬНАЯ ФАБРИКА :: Запись: ПРОИЗВЕДЕНО: 6 ДЕТАЛЕЙ
[ХРОНИКА. ДЕНЬ 34] :: Источник: 'ФРАКЦИЯ WORLD' :: Запись: Совершена вылазка на склад. Захвачено ресурсов: 2 ед. Полученных компонентов недостаточно для запуска производственного цикла.
[ХРОНИКА. ДЕНЬ 34] :: Источник: 'ФРАКЦИЯ WEDNESDAY' :: Запись: Совершена вылазка на склад. Захвачено ресурсов: 4 ед. Сборочные цеха активированы: создано новых боевых единиц: 1.
[ХРОНИКА. ДЕНЬ 35] :: Источник: ЦЕНТРАЛЬНАЯ ФАБРИКА :: Запись: ПРОИЗВЕДЕНО: 8 ДЕТАЛЕЙ
[ХРОНИКА. ДЕНЬ 35] :: Источник: 'ФРАКЦИЯ WEDNESDAY' :: Запись: Совершена вылазка на склад. Захвачено ресурсов: 5 ед. Сборочные цеха активированы: создано новых боевых единиц: 1.
[ХРОНИКА. ДЕНЬ 35] :: Источник: 'ФРАКЦИЯ WORLD' :: Запись: Совершена вылазка на склад. Захвачено ресурсов: 3 ед. Полученных компонентов недостаточно для запуска производственного цикла.
[ХРОНИКА. ДЕНЬ 36] :: Источник: ЦЕНТРАЛЬНАЯ ФАБРИКА :: Запись: ПРОИЗВЕДЕНО: 4 ДЕТАЛЕЙ
[ХРОНИКА. ДЕНЬ 36] :: Источник: 'ФРАКЦИЯ WORLD' :: Запись: Совершена вылазка на склад. Захвачено ресурсов: 3 ед. Полученных компонентов недостаточно для запуска производственного цикла.
[ХРОНИКА. ДЕНЬ 36] :: Источник: 'ФРАКЦИЯ WEDNESDAY' :: Запись: Совершена вылазка на склад. Захвачено ресурсов: 1 ед. Полученных компонентов недостаточно для запуска производственного цикла.
[ХРОНИКА. ДЕНЬ 37] :: Источник: ЦЕНТРАЛЬНАЯ ФАБРИКА :: Запись: ПРОИЗВЕДЕНО: 3 ДЕТАЛЕЙ
[ХРОНИКА. ДЕНЬ 37] :: Источник: 'ФРАКЦИЯ WORLD' :: Запись: Разведка донесла, что центральный склад пуст. Фракция вернулась с пустыми руками.
[ХРОНИКА. ДЕНЬ 37] :: Источник: 'ФРАКЦИЯ WEDNESDAY' :: Запись: Совершена вылазка на склад. Захвачено ресурсов: 3 ед. Полученных компонентов недостаточно для запуска производственного цикла.
[ХРОНИКА. ДЕНЬ 38] :: Источник: ЦЕНТРАЛЬНАЯ ФАБРИКА :: Запись: ПРОИЗВЕДЕНО: 2 ДЕТАЛЕЙ
[ХРОНИКА. ДЕНЬ 38] :: Источник: 'ФРАКЦИЯ WEDNESDAY' :: Запись: Совершена вылазка на склад. Захвачено ресурсов: 2 ед. Полученных компонентов недостаточно для запуска производственного цикла.
[ХРОНИКА. ДЕНЬ 38] :: Источник: 'ФРАКЦИЯ WORLD' :: Запись: Разведка донесла, что центральный склад пуст. Фракция вернулась с пустыми руками.
[ХРОНИКА. ДЕНЬ 39] :: Источник: ЦЕНТРАЛЬНАЯ ФАБРИКА :: Запись: ПРОИЗВЕДЕНО: 9 ДЕТАЛЕЙ
[ХРОНИКА. ДЕНЬ 39] :: Источник: 'ФРАКЦИЯ WEDNESDAY' :: Запись: Совершена вылазка на склад. Захвачено ресурсов: 4 ед. Сборочные цеха активированы: создано новых боевых единиц: 1.
[ХРОНИКА. ДЕНЬ 39] :: Источник: 'ФРАКЦИЯ WORLD' :: Запись: Совершена вылазка на склад. Захвачено ресурсов: 5 ед. Полученных компонентов недостаточно для запуска производственного цикла.
[ХРОНИКА. ДЕНЬ 40] :: Источник: ЦЕНТРАЛЬНАЯ ФАБРИКА :: Запись: ПРОИЗВЕДЕНО: 4 ДЕТАЛЕЙ
[ХРОНИКА. ДЕНЬ 40] :: Источник: 'ФРАКЦИЯ WORLD' :: Запись: Совершена вылазка на склад. Захвачено ресурсов: 3 ед. Полученных компонентов недостаточно для запуска производственного цикла.
[ХРОНИКА. ДЕНЬ 40] :: Источник: 'ФРАКЦИЯ WEDNESDAY' :: Запись: Совершена вылазка на склад. Захвачено ресурсов: 1 ед. Полученных компонентов недостаточно для запуска производственного цикла.
[ХРОНИКА. ДЕНЬ 41] :: Источник: ЦЕНТРАЛЬНАЯ ФАБРИКА :: Запись: ПРОИЗВЕДЕНО: 6 ДЕТАЛЕЙ
[ХРОНИКА. ДЕНЬ 41] :: Источник: 'ФРАКЦИЯ WORLD' :: Запись: Совершена вылазка на склад. Захвачено ресурсов: 1 ед. Полученных компонентов недостаточно для запуска производственного цикла.
[ХРОНИКА. ДЕНЬ 41] :: Источник: 'ФРАКЦИЯ WEDNESDAY' :: Запись: Совершена вылазка на склад. Захвачено ресурсов: 5 ед. Полученных компонентов недостаточно для запуска производственного цикла.
[ХРОНИКА. ДЕНЬ 42] :: Источник: ЦЕНТРАЛЬНАЯ ФАБРИКА :: Запись: ПРОИЗВЕДЕНО: 4 ДЕТАЛЕЙ
[ХРОНИКА. ДЕНЬ 42] :: Источник: 'ФРАКЦИЯ WORLD' :: Запись: Совершена вылазка на склад. Захвачено ресурсов: 1 ед. Полученных компонентов недостаточно для запуска производственного цикла.
[ХРОНИКА. ДЕНЬ 42] :: Источник: 'ФРАКЦИЯ WEDNESDAY' :: Запись: Совершена вылазка на склад. Захвачено ресурсов: 3 ед. Полученных компонентов недостаточно для запуска производственного цикла.
[ХРОНИКА. ДЕНЬ 43] :: Источник: ЦЕНТРАЛЬНАЯ ФАБРИКА :: Запись: ПРОИЗВЕДЕНО: 2 ДЕТАЛЕЙ
[ХРОНИКА. ДЕНЬ 43] :: Источник: 'ФРАКЦИЯ WORLD' :: Запись: Разведка донесла, что центральный склад пуст. Фракция вернулась с пустыми руками.
[ХРОНИКА. ДЕНЬ 43] :: Источник: 'ФРАКЦИЯ WEDNESDAY' :: Запись: Совершена вылазка на склад. Захвачено ресурсов: 2 ед. Полученных компонентов недостаточно для запуска производственного цикла.
[ХРОНИКА. ДЕНЬ 44] :: Источник: ЦЕНТРАЛЬНАЯ ФАБРИКА :: Запись: ПРОИЗВЕДЕНО: 2 ДЕТАЛЕЙ
[ХРОНИКА. ДЕНЬ 44] :: Источник: 'ФРАКЦИЯ WORLD' :: Запись: Разведка донесла, что центральный склад пуст. Фракция вернулась с пустыми руками.
[ХРОНИКА. ДЕНЬ 44] :: Источник: 'ФРАКЦИЯ WEDNESDAY' :: Запись: Совершена вылазка на склад. Захвачено ресурсов: 2 ед. Полученных компонентов недостаточно для запуска производственного цикла.
[ХРОНИКА. ДЕНЬ 45] :: Источник: ЦЕНТРАЛЬНАЯ ФАБРИКА :: Запись: ПРОИЗВЕДЕНО: 1 ДЕТАЛЕЙ
[ХРОНИКА. ДЕНЬ 45] :: Источник: 'ФРАКЦИЯ WEDNESDAY' :: Запись: Совершена вылазка на склад. Захвачено ресурсов: 1 ед. Сборочные цеха активированы: создано новых боевых единиц: 1.
[ХРОНИКА. ДЕНЬ 45] :: Источник: 'ФРАКЦИЯ WORLD' :: Запись: Разведка донесла, что центральный склад пуст. Фракция вернулась с пустыми руками.
[ХРОНИКА. ДЕНЬ 46] :: Источник: ЦЕНТРАЛЬНАЯ ФАБРИКА :: Запись: ПРОИЗВЕДЕНО: 8 ДЕТАЛЕЙ
[ХРОНИКА. ДЕНЬ 46] :: Источник: 'ФРАКЦИЯ WORLD' :: Запись: Совершена вылазка на склад. Захвачено ресурсов: 5 ед. Полученных компонентов недостаточно для запуска производственного цикла.
[ХРОНИКА. ДЕНЬ 46] :: Источник: 'ФРАКЦИЯ WEDNESDAY' :: Запись: Совершена вылазка на склад. Захвачено ресурсов: 3 ед. Полученных компонентов недостаточно для запуска производственного цикла.
[ХРОНИКА. ДЕНЬ 47] :: Источник: ЦЕНТРАЛЬНАЯ ФАБРИКА :: Запись: ПРОИЗВЕДЕНО: 6 ДЕТАЛЕЙ
[ХРОНИКА. ДЕНЬ 47] :: Источник: 'ФРАКЦИЯ WORLD' :: Запись: Совершена вылазка на склад. Захвачено ресурсов: 1 ед. Полученных компонентов недостаточно для запуска производственного цикла.
[ХРОНИКА. ДЕНЬ 47] :: Источник: 'ФРАКЦИЯ WEDNESDAY' :: Запись: Совершена вылазка на склад. Захвачено ресурсов: 5 ед. Сборочные цеха активированы: создано новых боевых единиц: 1.
[ХРОНИКА. ДЕНЬ 48] :: Источник: ЦЕНТРАЛЬНАЯ ФАБРИКА :: Запись: ПРОИЗВЕДЕНО: 8 ДЕТАЛЕЙ
[ХРОНИКА. ДЕНЬ 48] :: Источник: 'ФРАКЦИЯ WEDNESDAY' :: Запись: Совершена вылазка на склад. Захвачено ресурсов: 5 ед. Полученных компонентов недостаточно для запуска производственного цикла.
[ХРОНИКА. ДЕНЬ 48] :: Источник: 'ФРАКЦИЯ WORLD' :: Запись: Совершена вылазка на склад. Захвачено ресурсов: 3 ед. Полученных компонентов недостаточно для запуска производственного цикла.
[ХРОНИКА. ДЕНЬ 49] :: Источник: ЦЕНТРАЛЬНАЯ ФАБРИКА :: Запись: ПРОИЗВЕДЕНО: 2 ДЕТАЛЕЙ
[ХРОНИКА. ДЕНЬ 49] :: Источник: 'ФРАКЦИЯ WORLD' :: Запись: Совершена вылазка на склад. Захвачено ресурсов: 2 ед. Полученных компонентов недостаточно для запуска производственного цикла.
[ХРОНИКА. ДЕНЬ 49] :: Источник: 'ФРАКЦИЯ WEDNESDAY' :: Запись: Разведка донесла, что центральный склад пуст. Фракция вернулась с пустыми руками.
[ХРОНИКА. ДЕНЬ 50] :: Источник: ЦЕНТРАЛЬНАЯ ФАБРИКА :: Запись: ПРОИЗВЕДЕНО: 4 ДЕТАЛЕЙ
[ХРОНИКА. ДЕНЬ 50] :: Источник: 'ФРАКЦИЯ WORLD' :: Запись: Совершена вылазка на склад. Захвачено ресурсов: 2 ед. Сборочные цеха активированы: создано новых боевых единиц: 1.
[ХРОНИКА. ДЕНЬ 50] :: Источник: 'ФРАКЦИЯ WEDNESDAY' :: Запись: Совершена вылазка на склад. Захвачено ресурсов: 2 ед. Полученных компонентов недостаточно для запуска производственного цикла.
[ХРОНИКА. ДЕНЬ 51] :: Источник: ЦЕНТРАЛЬНАЯ ФАБРИКА :: Запись: ПРОИЗВЕДЕНО: 5 ДЕТАЛЕЙ
[ХРОНИКА. ДЕНЬ 51] :: Источник: 'ФРАКЦИЯ WEDNESDAY' :: Запись: Совершена вылазка на склад. Захвачено ресурсов: 4 ед. Полученных компонентов недостаточно для запуска производственного цикла.
[ХРОНИКА. ДЕНЬ 51] :: Источник: 'ФРАКЦИЯ WORLD' :: Запись: Совершена вылазка на склад. Захвачено ресурсов: 1 ед. Полученных компонентов недостаточно для запуска производственного цикла.
[ХРОНИКА. ДЕНЬ 52] :: Источник: ЦЕНТРАЛЬНАЯ ФАБРИКА :: Запись: ПРОИЗВЕДЕНО: 2 ДЕТАЛЕЙ
[ХРОНИКА. ДЕНЬ 52] :: Источник: 'ФРАКЦИЯ WEDNESDAY' :: Запись: Совершена вылазка на склад. Захвачено ресурсов: 1 ед. Полученных компонентов недостаточно для запуска производственного цикла.
[ХРОНИКА. ДЕНЬ 52] :: Источник: 'ФРАКЦИЯ WORLD' :: Запись: Совершена вылазка на склад. Захвачено ресурсов: 1 ед. Полученных компонентов недостаточно для запуска производственного цикла.
[ХРОНИКА. ДЕНЬ 53] :: Источник: ЦЕНТРАЛЬНАЯ ФАБРИКА :: Запись: ПРОИЗВЕДЕНО: 7 ДЕТАЛЕЙ
[ХРОНИКА. ДЕНЬ 53] :: Источник: 'ФРАКЦИЯ WEDNESDAY' :: Запись: Совершена вылазка на склад. Захвачено ресурсов: 2 ед. Полученных компонентов недостаточно для запуска производственного цикла.
[ХРОНИКА. ДЕНЬ 53] :: Источник: 'ФРАКЦИЯ WORLD' :: Запись: Совершена вылазка на склад. Захвачено ресурсов: 5 ед. Полученных компонентов недостаточно для запуска производственного цикла.
[ХРОНИКА. ДЕНЬ 54] :: Источник: ЦЕНТРАЛЬНАЯ ФАБРИКА :: Запись: ПРОИЗВЕДЕНО: 5 ДЕТАЛЕЙ
[ХРОНИКА. ДЕНЬ 54] :: Источник: 'ФРАКЦИЯ WEDNESDAY' :: Запись: Совершена вылазка на склад. Захвачено ресурсов: 1 ед. Полученных компонентов недостаточно для запуска производственного цикла.
[ХРОНИКА. ДЕНЬ 54] :: Источник: 'ФРАКЦИЯ WORLD' :: Запись: Совершена вылазка на склад. Захвачено ресурсов: 4 ед. Сборочные цеха активированы: создано новых боевых единиц: 1.
[ХРОНИКА. ДЕНЬ 55] :: Источник: ЦЕНТРАЛЬНАЯ ФАБРИКА :: Запись: ПРОИЗВЕДЕНО: 4 ДЕТАЛЕЙ
[ХРОНИКА. ДЕНЬ 55] :: Источник: 'ФРАКЦИЯ WEDNESDAY' :: Запись: Разведка донесла, что центральный склад пуст. Фракция вернулась с пустыми руками.
[ХРОНИКА. ДЕНЬ 55] :: Источник: 'ФРАКЦИЯ WORLD' :: Запись: Совершена вылазка на склад. Захвачено ресурсов: 4 ед. Сборочные цеха активированы: создано новых боевых единиц: 1.
[ХРОНИКА. ДЕНЬ 56] :: Источник: ЦЕНТРАЛЬНАЯ ФАБРИКА :: Запись: ПРОИЗВЕДЕНО: 3 ДЕТАЛЕЙ
[ХРОНИКА. ДЕНЬ 56] :: Источник: 'ФРАКЦИЯ WEDNESDAY' :: Запись: Разведка донесла, что центральный склад пуст. Фракция вернулась с пустыми руками.
[ХРОНИКА. ДЕНЬ 56] :: Источник: 'ФРАКЦИЯ WORLD' :: Запись: Совершена вылазка на склад. Захвачено ресурсов: 3 ед. Сборочные цеха активированы: создано новых боевых единиц: 1.
[ХРОНИКА. ДЕНЬ 57] :: Источник: ЦЕНТРАЛЬНАЯ ФАБРИКА :: Запись: ПРОИЗВЕДЕНО: 6 ДЕТАЛЕЙ
[ХРОНИКА. ДЕНЬ 57] :: Источник: 'ФРАКЦИЯ WEDNESDAY' :: Запись: Совершена вылазка на склад. Захвачено ресурсов: 1 ед. Полученных компонентов недостаточно для запуска производственного цикла.
[ХРОНИКА. ДЕНЬ 57] :: Источник: 'ФРАКЦИЯ WORLD' :: Запись: Совершена вылазка на склад. Захвачено ресурсов: 5 ед. Полученных компонентов недостаточно для запуска производственного цикла.
[ХРОНИКА. ДЕНЬ 58] :: Источник: ЦЕНТРАЛЬНАЯ ФАБРИКА :: Запись: ПРОИЗВЕДЕНО: 6 ДЕТАЛЕЙ
[ХРОНИКА. ДЕНЬ 58] :: Источник: 'ФРАКЦИЯ WEDNESDAY' :: Запись: Совершена вылазка на склад. Захвачено ресурсов: 1 ед. Полученных компонентов недостаточно для запуска производственного цикла.
[ХРОНИКА. ДЕНЬ 58] :: Источник: 'ФРАКЦИЯ WORLD' :: Запись: Совершена вылазка на склад. Захвачено ресурсов: 5 ед. Полученных компонентов недостаточно для запуска производственного цикла.
[ХРОНИКА. ДЕНЬ 59] :: Источник: ЦЕНТРАЛЬНАЯ ФАБРИКА :: Запись: ПРОИЗВЕДЕНО: 6 ДЕТАЛЕЙ
[ХРОНИКА. ДЕНЬ 59] :: Источник: 'ФРАКЦИЯ WEDNESDAY' :: Запись: Совершена вылазка на склад. Захвачено ресурсов: 1 ед. Полученных компонентов недостаточно для запуска производственного цикла.
[ХРОНИКА. ДЕНЬ 59] :: Источник: 'ФРАКЦИЯ WORLD' :: Запись: Совершена вылазка на склад. Захвачено ресурсов: 5 ед. Сборочные цеха активированы: создано новых боевых единиц: 1.
[ХРОНИКА. ДЕНЬ 60] :: Источник: ЦЕНТРАЛЬНАЯ ФАБРИКА :: Запись: ПРОИЗВЕДЕНО: 6 ДЕТАЛЕЙ
[ХРОНИКА. ДЕНЬ 60] :: Источник: 'ФРАКЦИЯ WEDNESDAY' :: Запись: Совершена вылазка на склад. Захвачено ресурсов: 1 ед. Полученных компонентов недостаточно для запуска производственного цикла.
[ХРОНИКА. ДЕНЬ 60] :: Источник: 'ФРАКЦИЯ WORLD' :: Запись: Совершена вылазка на склад. Захвачено ресурсов: 5 ед. Сборочные цеха активированы: создано новых боевых единиц: 1.
[ХРОНИКА. ДЕНЬ 61] :: Источник: ЦЕНТРАЛЬНАЯ ФАБРИКА :: Запись: ПРОИЗВЕДЕНО: 3 ДЕТАЛЕЙ
[ХРОНИКА. ДЕНЬ 61] :: Источник: 'ФРАКЦИЯ WORLD' :: Запись: Совершена вылазка на склад. Захвачено ресурсов: 1 ед. Полученных компонентов недостаточно для запуска производственного цикла.
[ХРОНИКА. ДЕНЬ 61] :: Источник: 'ФРАКЦИЯ WEDNESDAY' :: Запись: Совершена вылазка на склад. Захвачено ресурсов: 2 ед. Полученных компонентов недостаточно для запуска производственного цикла.
[ХРОНИКА. ДЕНЬ 62] :: Источник: ЦЕНТРАЛЬНАЯ ФАБРИКА :: Запись: ПРОИЗВЕДЕНО: 3 ДЕТАЛЕЙ
[ХРОНИКА. ДЕНЬ 62] :: Источник: 'ФРАКЦИЯ WEDNESDAY' :: Запись: Совершена вылазка на склад. Захвачено ресурсов: 2 ед. Сборочные цеха активированы: создано новых боевых единиц: 1.
[ХРОНИКА. ДЕНЬ 62] :: Источник: 'ФРАКЦИЯ WORLD' :: Запись: Совершена вылазка на склад. Захвачено ресурсов: 1 ед. Полученных компонентов недостаточно для запуска производственного цикла.
[ХРОНИКА. ДЕНЬ 63] :: Источник: ЦЕНТРАЛЬНАЯ ФАБРИКА :: Запись: ПРОИЗВЕДЕНО: 6 ДЕТАЛЕЙ
[ХРОНИКА. ДЕНЬ 63] :: Источник: 'ФРАКЦИЯ WORLD' :: Запись: Совершена вылазка на склад. Захвачено ресурсов: 5 ед. Сборочные цеха активированы: создано новых боевых единиц: 1.
[ХРОНИКА. ДЕНЬ 63] :: Источник: 'ФРАКЦИЯ WEDNESDAY' :: Запись: Совершена вылазка на склад. Захвачено ресурсов: 1 ед. Полученных компонентов недостаточно для запуска производственного цикла.
[ХРОНИКА. ДЕНЬ 64] :: Источник: ЦЕНТРАЛЬНАЯ ФАБРИКА :: Запись: ПРОИЗВЕДЕНО: 2 ДЕТАЛЕЙ
[ХРОНИКА. ДЕНЬ 64] :: Источник: 'ФРАКЦИЯ WORLD' :: Запись: Разведка донесла, что центральный склад пуст. Фракция вернулась с пустыми руками.
[ХРОНИКА. ДЕНЬ 64] :: Источник: 'ФРАКЦИЯ WEDNESDAY' :: Запись: Совершена вылазка на склад. Захвачено ресурсов: 2 ед. Полученных компонентов недостаточно для запуска производственного цикла.
[ХРОНИКА. ДЕНЬ 65] :: Источник: ЦЕНТРАЛЬНАЯ ФАБРИКА :: Запись: ПРОИЗВЕДЕНО: 6 ДЕТАЛЕЙ
[ХРОНИКА. ДЕНЬ 65] :: Источник: 'ФРАКЦИЯ WEDNESDAY' :: Запись: Совершена вылазка на склад. Захвачено ресурсов: 5 ед. Сборочные цеха активированы: создано новых боевых единиц: 1.
[ХРОНИКА. ДЕНЬ 65] :: Источник: 'ФРАКЦИЯ WORLD' :: Запись: Совершена вылазка на склад. Захвачено ресурсов: 1 ед. Полученных компонентов недостаточно для запуска производственного цикла.
[ХРОНИКА. ДЕНЬ 66] :: Источник: ЦЕНТРАЛЬНАЯ ФАБРИКА :: Запись: ПРОИЗВЕДЕНО: 10 ДЕТАЛЕЙ
[ХРОНИКА. ДЕНЬ 66] :: Источник: 'ФРАКЦИЯ WEDNESDAY' :: Запись: Совершена вылазка на склад. Захвачено ресурсов: 5 ед. Сборочные цеха активированы: создано новых боевых единиц: 1.
[ХРОНИКА. ДЕНЬ 66] :: Источник: 'ФРАКЦИЯ WORLD' :: Запись: Совершена вылазка на склад. Захвачено ресурсов: 5 ед. Сборочные цеха активированы: создано новых боевых единиц: 1.
[ХРОНИКА. ДЕНЬ 67] :: Источник: ЦЕНТРАЛЬНАЯ ФАБРИКА :: Запись: ПРОИЗВЕДЕНО: 4 ДЕТАЛЕЙ
[ХРОНИКА. ДЕНЬ 67] :: Источник: 'ФРАКЦИЯ WORLD' :: Запись: Совершена вылазка на склад. Захвачено ресурсов: 2 ед. Полученных компонентов недостаточно для запуска производственного цикла.
[ХРОНИКА. ДЕНЬ 67] :: Источник: 'ФРАКЦИЯ WEDNESDAY' :: Запись: Совершена вылазка на склад. Захвачено ресурсов: 2 ед. Полученных компонентов недостаточно для запуска производственного цикла.
[ХРОНИКА. ДЕНЬ 68] :: Источник: ЦЕНТРАЛЬНАЯ ФАБРИКА :: Запись: ПРОИЗВЕДЕНО: 4 ДЕТАЛЕЙ
[ХРОНИКА. ДЕНЬ 68] :: Источник: 'ФРАКЦИЯ WEDNESDAY' :: Запись: Совершена вылазка на склад. Захвачено ресурсов: 3 ед. Сборочные цеха активированы: создано новых боевых единиц: 1.
[ХРОНИКА. ДЕНЬ 68] :: Источник: 'ФРАКЦИЯ WORLD' :: Запись: Совершена вылазка на склад. Захвачено ресурсов: 1 ед. Полученных компонентов недостаточно для запуска производственного цикла.
[ХРОНИКА. ДЕНЬ 69] :: Источник: ЦЕНТРАЛЬНАЯ ФАБРИКА :: Запись: ПРОИЗВЕДЕНО: 6 ДЕТАЛЕЙ
[ХРОНИКА. ДЕНЬ 69] :: Источник: 'ФРАКЦИЯ WORLD' :: Запись: Совершена вылазка на склад. Захвачено ресурсов: 4 ед. Сборочные цеха активированы: создано новых боевых единиц: 1.
[ХРОНИКА. ДЕНЬ 69] :: Источник: 'ФРАКЦИЯ WEDNESDAY' :: Запись: Совершена вылазка на склад. Захвачено ресурсов: 2 ед. Полученных компонентов недостаточно для запуска производственного цикла.
[ХРОНИКА. ДЕНЬ 70] :: Источник: ЦЕНТРАЛЬНАЯ ФАБРИКА :: Запись: ПРОИЗВЕДЕНО: 8 ДЕТАЛЕЙ
[ХРОНИКА. ДЕНЬ 70] :: Источник: 'ФРАКЦИЯ WORLD' :: Запись: Совершена вылазка на склад. Захвачено ресурсов: 3 ед. Полученных компонентов недостаточно для запуска производственного цикла.
[ХРОНИКА. ДЕНЬ 70] :: Источник: 'ФРАКЦИЯ WEDNESDAY' :: Запись: Совершена вылазка на склад. Захвачено ресурсов: 5 ед. Сборочные цеха активированы: создано новых боевых единиц: 2.
[ХРОНИКА. ДЕНЬ 71] :: Источник: ЦЕНТРАЛЬНАЯ ФАБРИКА :: Запись: ПРОИЗВЕДЕНО: 9 ДЕТАЛЕЙ
[ХРОНИКА. ДЕНЬ 71] :: Источник: 'ФРАКЦИЯ WORLD' :: Запись: Совершена вылазка на склад. Захвачено ресурсов: 4 ед. Сборочные цеха активированы: создано новых боевых единиц: 1.
[ХРОНИКА. ДЕНЬ 71] :: Источник: 'ФРАКЦИЯ WEDNESDAY' :: Запись: Совершена вылазка на склад. Захвачено ресурсов: 5 ед. Сборочные цеха активированы: создано новых боевых единиц: 1.
[ХРОНИКА. ДЕНЬ 72] :: Источник: ЦЕНТРАЛЬНАЯ ФАБРИКА :: Запись: ПРОИЗВЕДЕНО: 9 ДЕТАЛЕЙ
[ХРОНИКА. ДЕНЬ 72] :: Источник: 'ФРАКЦИЯ WEDNESDAY' :: Запись: Совершена вылазка на склад. Захвачено ресурсов: 5 ед. Сборочные цеха активированы: создано новых боевых единиц: 2.
[ХРОНИКА. ДЕНЬ 72] :: Источник: 'ФРАКЦИЯ WORLD' :: Запись: Совершена вылазка на склад. Захвачено ресурсов: 4 ед. Сборочные цеха активированы: создано новых боевых единиц: 1.
[ХРОНИКА. ДЕНЬ 73] :: Источник: ЦЕНТРАЛЬНАЯ ФАБРИКА :: Запись: ПРОИЗВЕДЕНО: 4 ДЕТАЛЕЙ
[ХРОНИКА. ДЕНЬ 73] :: Источник: 'ФРАКЦИЯ WEDNESDAY' :: Запись: Разведка донесла, что центральный склад пуст. Фракция вернулась с пустыми руками.
[ХРОНИКА. ДЕНЬ 73] :: Источник: 'ФРАКЦИЯ WORLD' :: Запись: Совершена вылазка на склад. Захвачено ресурсов: 4 ед. Сборочные цеха активированы: создано новых боевых единиц: 1.
[ХРОНИКА. ДЕНЬ 74] :: Источник: ЦЕНТРАЛЬНАЯ ФАБРИКА :: Запись: ПРОИЗВЕДЕНО: 5 ДЕТАЛЕЙ
[ХРОНИКА. ДЕНЬ 74] :: Источник: 'ФРАКЦИЯ WORLD' :: Запись: Совершена вылазка на склад. Захвачено ресурсов: 5 ед. Полученных компонентов недостаточно для запуска производственного цикла.
[ХРОНИКА. ДЕНЬ 74] :: Источник: 'ФРАКЦИЯ WEDNESDAY' :: Запись: Разведка донесла, что центральный склад пуст. Фракция вернулась с пустыми руками.
[ХРОНИКА. ДЕНЬ 75] :: Источник: ЦЕНТРАЛЬНАЯ ФАБРИКА :: Запись: ПРОИЗВЕДЕНО: 1 ДЕТАЛЕЙ
[ХРОНИКА. ДЕНЬ 75] :: Источник: 'ФРАКЦИЯ WORLD' :: Запись: Разведка донесла, что центральный склад пуст. Фракция вернулась с пустыми руками.
[ХРОНИКА. ДЕНЬ 75] :: Источник: 'ФРАКЦИЯ WEDNESDAY' :: Запись: Совершена вылазка на склад. Захвачено ресурсов: 1 ед. Полученных компонентов недостаточно для запуска производственного цикла.
[ХРОНИКА. ДЕНЬ 76] :: Источник: ЦЕНТРАЛЬНАЯ ФАБРИКА :: Запись: ПРОИЗВЕДЕНО: 7 ДЕТАЛЕЙ
[ХРОНИКА. ДЕНЬ 76] :: Источник: 'ФРАКЦИЯ WORLD' :: Запись: Совершена вылазка на склад. Захвачено ресурсов: 2 ед. Полученных компонентов недостаточно для запуска производственного цикла.
[ХРОНИКА. ДЕНЬ 76] :: Источник: 'ФРАКЦИЯ WEDNESDAY' :: Запись: Совершена вылазка на склад. Захвачено ресурсов: 5 ед. Сборочные цеха активированы: создано новых боевых единиц: 1.
[ХРОНИКА. ДЕНЬ 77] :: Источник: ЦЕНТРАЛЬНАЯ ФАБРИКА :: Запись: ПРОИЗВЕДЕНО: 1 ДЕТАЛЕЙ
[ХРОНИКА. ДЕНЬ 77] :: Источник: 'ФРАКЦИЯ WORLD' :: Запись: Разведка донесла, что центральный склад пуст. Фракция вернулась с пустыми руками.
[ХРОНИКА. ДЕНЬ 77] :: Источник: 'ФРАКЦИЯ WEDNESDAY' :: Запись: Совершена вылазка на склад. Захвачено ресурсов: 1 ед. Полученных компонентов недостаточно для запуска производственного цикла.
[ХРОНИКА. ДЕНЬ 78] :: Источник: ЦЕНТРАЛЬНАЯ ФАБРИКА :: Запись: ПРОИЗВЕДЕНО: 1 ДЕТАЛЕЙ
[ХРОНИКА. ДЕНЬ 78] :: Источник: 'ФРАКЦИЯ WORLD' :: Запись: Разведка донесла, что центральный склад пуст. Фракция вернулась с пустыми руками.
[ХРОНИКА. ДЕНЬ 78] :: Источник: 'ФРАКЦИЯ WEDNESDAY' :: Запись: Совершена вылазка на склад. Захвачено ресурсов: 1 ед. Полученных компонентов недостаточно для запуска производственного цикла.
[ХРОНИКА. ДЕНЬ 79] :: Источник: ЦЕНТРАЛЬНАЯ ФАБРИКА :: Запись: ПРОИЗВЕДЕНО: 4 ДЕТАЛЕЙ
[ХРОНИКА. ДЕНЬ 79] :: Источник: 'ФРАКЦИЯ WEDNESDAY' :: Запись: Совершена вылазка на склад. Захвачено ресурсов: 4 ед. Полученных компонентов недостаточно для запуска производственного цикла.
[ХРОНИКА. ДЕНЬ 79] :: Источник: 'ФРАКЦИЯ WORLD' :: Запись: Разведка донесла, что центральный склад пуст. Фракция вернулась с пустыми руками.
[ХРОНИКА. ДЕНЬ 80] :: Источник: ЦЕНТРАЛЬНАЯ ФАБРИКА :: Запись: ПРОИЗВЕДЕНО: 4 ДЕТАЛЕЙ
[ХРОНИКА. ДЕНЬ 80] :: Источник: 'ФРАКЦИЯ WORLD' :: Запись: Совершена вылазка на склад. Захвачено ресурсов: 3 ед. Полученных компонентов недостаточно для запуска производственного цикла.
[ХРОНИКА. ДЕНЬ 80] :: Источник: 'ФРАКЦИЯ WEDNESDAY' :: Запись: Совершена вылазка на склад. Захвачено ресурсов: 1 ед. Полученных компонентов недостаточно для запуска производственного цикла.
[ХРОНИКА. ДЕНЬ 81] :: Источник: ЦЕНТРАЛЬНАЯ ФАБРИКА :: Запись: ПРОИЗВЕДЕНО: 1 ДЕТАЛЕЙ
[ХРОНИКА. ДЕНЬ 81] :: Источник: 'ФРАКЦИЯ WEDNESDAY' :: Запись: Совершена вылазка на склад. Захвачено ресурсов: 1 ед. Полученных компонентов недостаточно для запуска производственного цикла.
[ХРОНИКА. ДЕНЬ 81] :: Источник: 'ФРАКЦИЯ WORLD' :: Запись: Разведка донесла, что центральный склад пуст. Фракция вернулась с пустыми руками.
[ХРОНИКА. ДЕНЬ 82] :: Источник: ЦЕНТРАЛЬНАЯ ФАБРИКА :: Запись: ПРОИЗВЕДЕНО: 7 ДЕТАЛЕЙ
[ХРОНИКА. ДЕНЬ 82] :: Источник: 'ФРАКЦИЯ WORLD' :: Запись: Совершена вылазка на склад. Захвачено ресурсов: 5 ед. Сборочные цеха активированы: создано новых боевых единиц: 1.
[ХРОНИКА. ДЕНЬ 82] :: Источник: 'ФРАКЦИЯ WEDNESDAY' :: Запись: Совершена вылазка на склад. Захвачено ресурсов: 2 ед. Сборочные цеха активированы: создано новых боевых единиц: 1.
[ХРОНИКА. ДЕНЬ 83] :: Источник: ЦЕНТРАЛЬНАЯ ФАБРИКА :: Запись: ПРОИЗВЕДЕНО: 7 ДЕТАЛЕЙ
[ХРОНИКА. ДЕНЬ 83] :: Источник: 'ФРАКЦИЯ WEDNESDAY' :: Запись: Совершена вылазка на склад. Захвачено ресурсов: 4 ед. Сборочные цеха активированы: создано новых боевых единиц: 1.
[ХРОНИКА. ДЕНЬ 83] :: Источник: 'ФРАКЦИЯ WORLD' :: Запись: Совершена вылазка на склад. Захвачено ресурсов: 3 ед. Сборочные цеха активированы: создано новых боевых единиц: 1.
[ХРОНИКА. ДЕНЬ 84] :: Источник: ЦЕНТРАЛЬНАЯ ФАБРИКА :: Запись: ПРОИЗВЕДЕНО: 8 ДЕТАЛЕЙ
[ХРОНИКА. ДЕНЬ 84] :: Источник: 'ФРАКЦИЯ WORLD' :: Запись: Совершена вылазка на склад. Захвачено ресурсов: 5 ед. Полученных компонентов недостаточно для запуска производственного цикла.
[ХРОНИКА. ДЕНЬ 84] :: Источник: 'ФРАКЦИЯ WEDNESDAY' :: Запись: Совершена вылазка на склад. Захвачено ресурсов: 3 ед. Полученных компонентов недостаточно для запуска производственного цикла.
[ХРОНИКА. ДЕНЬ 85] :: Источник: ЦЕНТРАЛЬНАЯ ФАБРИКА :: Запись: ПРОИЗВЕДЕНО: 10 ДЕТАЛЕЙ
[ХРОНИКА. ДЕНЬ 85] :: Источник: 'ФРАКЦИЯ WEDNESDAY' :: Запись: Совершена вылазка на склад. Захвачено ресурсов: 5 ед. Сборочные цеха активированы: создано новых боевых единиц: 1.
[ХРОНИКА. ДЕНЬ 85] :: Источник: 'ФРАКЦИЯ WORLD' :: Запись: Совершена вылазка на склад. Захвачено ресурсов: 5 ед. Сборочные цеха активированы: создано новых боевых единиц: 1.
[ХРОНИКА. ДЕНЬ 86] :: Источник: ЦЕНТРАЛЬНАЯ ФАБРИКА :: Запись: ПРОИЗВЕДЕНО: 1 ДЕТАЛЕЙ
[ХРОНИКА. ДЕНЬ 86] :: Источник: 'ФРАКЦИЯ WORLD' :: Запись: Совершена вылазка на склад. Захвачено ресурсов: 1 ед. Полученных компонентов недостаточно для запуска производственного цикла.
[ХРОНИКА. ДЕНЬ 86] :: Источник: 'ФРАКЦИЯ WEDNESDAY' :: Запись: Разведка донесла, что центральный склад пуст. Фракция вернулась с пустыми руками.
[ХРОНИКА. ДЕНЬ 87] :: Источник: ЦЕНТРАЛЬНАЯ ФАБРИКА :: Запись: ПРОИЗВЕДЕНО: 4 ДЕТАЛЕЙ
[ХРОНИКА. ДЕНЬ 87] :: Источник: 'ФРАКЦИЯ WORLD' :: Запись: Совершена вылазка на склад. Захвачено ресурсов: 2 ед. Полученных компонентов недостаточно для запуска производственного цикла.
[ХРОНИКА. ДЕНЬ 87] :: Источник: 'ФРАКЦИЯ WEDNESDAY' :: Запись: Совершена вылазка на склад. Захвачено ресурсов: 2 ед. Полученных компонентов недостаточно для запуска производственного цикла.
[ХРОНИКА. ДЕНЬ 88] :: Источник: ЦЕНТРАЛЬНАЯ ФАБРИКА :: Запись: ПРОИЗВЕДЕНО: 2 ДЕТАЛЕЙ
[ХРОНИКА. ДЕНЬ 88] :: Источник: 'ФРАКЦИЯ WEDNESDAY' :: Запись: Совершена вылазка на склад. Захвачено ресурсов: 2 ед. Полученных компонентов недостаточно для запуска производственного цикла.
[ХРОНИКА. ДЕНЬ 88] :: Источник: 'ФРАКЦИЯ WORLD' :: Запись: Разведка донесла, что центральный склад пуст. Фракция вернулась с пустыми руками.
[ХРОНИКА. ДЕНЬ 89] :: Источник: ЦЕНТРАЛЬНАЯ ФАБРИКА :: Запись: ПРОИЗВЕДЕНО: 1 ДЕТАЛЕЙ
[ХРОНИКА. ДЕНЬ 89] :: Источник: 'ФРАКЦИЯ WORLD' :: Запись: Совершена вылазка на склад. Захвачено ресурсов: 1 ед. Полученных компонентов недостаточно для запуска производственного цикла.
[ХРОНИКА. ДЕНЬ 89] :: Источник: 'ФРАКЦИЯ WEDNESDAY' :: Запись: Разведка донесла, что центральный склад пуст. Фракция вернулась с пустыми руками.
[ХРОНИКА. ДЕНЬ 90] :: Источник: ЦЕНТРАЛЬНАЯ ФАБРИКА :: Запись: ПРОИЗВЕДЕНО: 4 ДЕТАЛЕЙ
[ХРОНИКА. ДЕНЬ 90] :: Источник: 'ФРАКЦИЯ WORLD' :: Запись: Разведка донесла, что центральный склад пуст. Фракция вернулась с пустыми руками.
[ХРОНИКА. ДЕНЬ 90] :: Источник: 'ФРАКЦИЯ WEDNESDAY' :: Запись: Совершена вылазка на склад. Захвачено ресурсов: 4 ед. Полученных компонентов недостаточно для запуска производственного цикла.
[ХРОНИКА. ДЕНЬ 91] :: Источник: ЦЕНТРАЛЬНАЯ ФАБРИКА :: Запись: ПРОИЗВЕДЕНО: 2 ДЕТАЛЕЙ
[ХРОНИКА. ДЕНЬ 91] :: Источник: 'ФРАКЦИЯ WEDNESDAY' :: Запись: Совершена вылазка на склад. Захвачено ресурсов: 2 ед. Полученных компонентов недостаточно для запуска производственного цикла.
[ХРОНИКА. ДЕНЬ 91] :: Источник: 'ФРАКЦИЯ WORLD' :: Запись: Разведка донесла, что центральный склад пуст. Фракция вернулась с пустыми руками.
[ХРОНИКА. ДЕНЬ 92] :: Источник: ЦЕНТРАЛЬНАЯ ФАБРИКА :: Запись: ПРОИЗВЕДЕНО: 7 ДЕТАЛЕЙ
[ХРОНИКА. ДЕНЬ 92] :: Источник: 'ФРАКЦИЯ WORLD' :: Запись: Совершена вылазка на склад. Захвачено ресурсов: 5 ед. Полученных компонентов недостаточно для запуска производственного цикла.
[ХРОНИКА. ДЕНЬ 92] :: Источник: 'ФРАКЦИЯ WEDNESDAY' :: Запись: Совершена вылазка на склад. Захвачено ресурсов: 2 ед. Сборочные цеха активированы: создано новых боевых единиц: 1.
[ХРОНИКА. ДЕНЬ 93] :: Источник: ЦЕНТРАЛЬНАЯ ФАБРИКА :: Запись: ПРОИЗВЕДЕНО: 7 ДЕТАЛЕЙ
[ХРОНИКА. ДЕНЬ 93] :: Источник: 'ФРАКЦИЯ WORLD' :: Запись: Совершена вылазка на склад. Захвачено ресурсов: 3 ед. Сборочные цеха активированы: создано новых боевых единиц: 1.
[ХРОНИКА. ДЕНЬ 93] :: Источник: 'ФРАКЦИЯ WEDNESDAY' :: Запись: Совершена вылазка на склад. Захвачено ресурсов: 4 ед. Полученных компонентов недостаточно для запуска производственного цикла.
[ХРОНИКА. ДЕНЬ 94] :: Источник: ЦЕНТРАЛЬНАЯ ФАБРИКА :: Запись: ПРОИЗВЕДЕНО: 8 ДЕТАЛЕЙ
[ХРОНИКА. ДЕНЬ 94] :: Источник: 'ФРАКЦИЯ WEDNESDAY' :: Запись: Совершена вылазка на склад. Захвачено ресурсов: 5 ед. Полученных компонентов недостаточно для запуска производственного цикла.
[ХРОНИКА. ДЕНЬ 94] :: Источник: 'ФРАКЦИЯ WORLD' :: Запись: Совершена вылазка на склад. Захвачено ресурсов: 3 ед. Сборочные цеха активированы: создано новых боевых единиц: 1.
[ХРОНИКА. ДЕНЬ 95] :: Источник: ЦЕНТРАЛЬНАЯ ФАБРИКА :: Запись: ПРОИЗВЕДЕНО: 6 ДЕТАЛЕЙ
[ХРОНИКА. ДЕНЬ 95] :: Источник: 'ФРАКЦИЯ WEDNESDAY' :: Запись: Совершена вылазка на склад. Захвачено ресурсов: 1 ед. Сборочные цеха активированы: создано новых боевых единиц: 1.
[ХРОНИКА. ДЕНЬ 95] :: Источник: 'ФРАКЦИЯ WORLD' :: Запись: Совершена вылазка на склад. Захвачено ресурсов: 5 ед. Полученных компонентов недостаточно для запуска производственного цикла.
[ХРОНИКА. ДЕНЬ 96] :: Источник: ЦЕНТРАЛЬНАЯ ФАБРИКА :: Запись: ПРОИЗВЕДЕНО: 8 ДЕТАЛЕЙ
[ХРОНИКА. ДЕНЬ 96] :: Источник: 'ФРАКЦИЯ WORLD' :: Запись: Совершена вылазка на склад. Захвачено ресурсов: 5 ед. Сборочные цеха активированы: создано новых боевых единиц: 1.
[ХРОНИКА. ДЕНЬ 96] :: Источник: 'ФРАКЦИЯ WEDNESDAY' :: Запись: Совершена вылазка на склад. Захвачено ресурсов: 3 ед. Полученных компонентов недостаточно для запуска производственного цикла.
[ХРОНИКА. ДЕНЬ 97] :: Источник: ЦЕНТРАЛЬНАЯ ФАБРИКА :: Запись: ПРОИЗВЕДЕНО: 5 ДЕТАЛЕЙ
[ХРОНИКА. ДЕНЬ 97] :: Источник: 'ФРАКЦИЯ WORLD' :: Запись: Разведка донесла, что центральный склад пуст. Фракция вернулась с пустыми руками.
[ХРОНИКА. ДЕНЬ 97] :: Источник: 'ФРАКЦИЯ WEDNESDAY' :: Запись: Совершена вылазка на склад. Захвачено ресурсов: 5 ед. Полученных компонентов недостаточно для запуска производственного цикла.
[ХРОНИКА. ДЕНЬ 98] :: Источник: ЦЕНТРАЛЬНАЯ ФАБРИКА :: Запись: ПРОИЗВЕДЕНО: 3 ДЕТАЛЕЙ
[ХРОНИКА. ДЕНЬ 98] :: Источник: 'ФРАКЦИЯ WORLD' :: Запись: Разведка донесла, что центральный склад пуст. Фракция вернулась с пустыми руками.
[ХРОНИКА. ДЕНЬ 98] :: Источник: 'ФРАКЦИЯ WEDNESDAY' :: Запись: Совершена вылазка на склад. Захвачено ресурсов: 3 ед. Полученных компонентов недостаточно для запуска производственного цикла.
[ХРОНИКА. ДЕНЬ 99] :: Источник: ЦЕНТРАЛЬНАЯ ФАБРИКА :: Запись: ПРОИЗВЕДЕНО: 5 ДЕТАЛЕЙ
[ХРОНИКА. ДЕНЬ 99] :: Источник: 'ФРАКЦИЯ WORLD' :: Запись: Совершена вылазка на склад. Захвачено ресурсов: 2 ед. Полученных компонентов недостаточно для запуска производственного цикла.
[ХРОНИКА. ДЕНЬ 99] :: Источник: 'ФРАКЦИЯ WEDNESDAY' :: Запись: Совершена вылазка на склад. Захвачено ресурсов: 3 ед. Полученных компонентов недостаточно для запуска производственного цикла.
[ХРОНИКА. ДЕНЬ 100] :: Источник: ЦЕНТРАЛЬНАЯ ФАБРИКА :: Запись: ПРОИЗВЕДЕНО: 6 ДЕТАЛЕЙ
[ХРОНИКА. ДЕНЬ 100] :: Источник: 'ФРАКЦИЯ WORLD' :: Запись: Совершена вылазка на склад. Захвачено ресурсов: 3 ед. Полученных компонентов недостаточно для запуска производственного цикла.
[ХРОНИКА. ДЕНЬ 100] :: Источник: 'ФРАКЦИЯ WEDNESDAY' :: Запись: Совершена вылазка на склад. Захвачено ресурсов: 3 ед. Полученных компонентов недостаточно для запуска производственного цикла.
[ХРОНИКА. ДЕНЬ ??] :: Источник: ВЕЛИКАЯ ХРОНИКА :: Запись: =======================================================================
[ХРОНИКА. ДЕНЬ ??] :: Источник: ВЕЛИКАЯ ХРОНИКА :: Запись: ИТОГИ ВЕЛИКОГО ПРОТИВОСТОЯНИЯ:

   Легионы фракции 'World' восстали числом в 28 стальных воинов.
   Технокульт 'Wednesday' породил армию из 35 несокрушимых конструктов.

И так гласит хроника этой эпохи машин. В битве за технологическое господство победу одержала фракция 'Wednesday', чья воля и сталь оказались крепче.

